2026-03-29 14:51:04,882 - INFO - Connected to database: /Users/alokk/EmployDEX/Applications/indices-webapp/database/index-database.db
2026-03-29 14:51:04,882 - INFO - Starting yearly change calculation for all indices
2026-03-29 14:51:04,883 - INFO - Retrieved 31 active indices
2026-03-29 14:51:04,883 - INFO - Processing yearly changes for 31 indices
2026-03-29 14:51:04,883 - INFO - Processing Silver BeES (SILVERBEES)
2026-03-29 14:51:04,885 - INFO - Retrieved 245 records for index_id 1
2026-03-29 14:51:04,885 - INFO - Using available 245 days for yearly calculation
2026-03-29 14:51:04,895 - INFO - Updated yearly changes for 245 records for index_id 1
2026-03-29 14:51:04,895 - INFO - Successfully updated yearly changes for Silver BeES
2026-03-29 14:51:04,895 - INFO - Processing Gold BeES (GOLDBEES)
2026-03-29 14:51:04,896 - INFO - Retrieved 245 records for index_id 2
2026-03-29 14:51:04,897 - INFO - Using available 245 days for yearly calculation
2026-03-29 14:51:04,906 - INFO - Updated yearly changes for 245 records for index_id 2
2026-03-29 14:51:04,906 - INFO - Successfully updated yearly changes for Gold BeES
2026-03-29 14:51:04,906 - INFO - Processing Nifty BeES (NIFTYBEES)
2026-03-29 14:51:04,907 - INFO - Retrieved 245 records for index_id 3
2026-03-29 14:51:04,907 - INFO - Using available 245 days for yearly calculation
2026-03-29 14:51:04,915 - INFO - Updated yearly changes for 245 records for index_id 3
2026-03-29 14:51:04,915 - INFO - Successfully updated yearly changes for Nifty BeES
2026-03-29 14:51:04,915 - INFO - Processing Motilal Oswal Nifty 500 (MONIFTY500)
2026-03-29 14:51:04,916 - INFO - Retrieved 245 records for index_id 4
2026-03-29 14:51:04,916 - INFO - Using available 245 days for yearly calculation
2026-03-29 14:51:04,926 - INFO - Updated yearly changes for 245 records for index_id 4
2026-03-29 14:51:04,926 - INFO - Successfully updated yearly changes for Motilal Oswal Nifty 500
2026-03-29 14:51:04,926 - INFO - Processing Nifty Momentum 50 (MOMENTUM50)
2026-03-29 14:51:04,927 - INFO - Retrieved 245 records for index_id 5
2026-03-29 14:51:04,927 - INFO - Using available 245 days for yearly calculation
2026-03-29 14:51:04,935 - INFO - Updated yearly changes for 245 records for index_id 5
2026-03-29 14:51:04,935 - INFO - Successfully updated yearly changes for Nifty Momentum 50
2026-03-29 14:51:04,935 - INFO - Processing Nifty IT BeES (ITBEES)
2026-03-29 14:51:04,938 - INFO - Retrieved 245 records for index_id 6
2026-03-29 14:51:04,938 - INFO - Using available 245 days for yearly calculation
2026-03-29 14:51:04,946 - INFO - Updated yearly changes for 245 records for index_id 6
2026-03-29 14:51:04,947 - INFO - Successfully updated yearly changes for Nifty IT BeES
2026-03-29 14:51:04,947 - INFO - Processing Nifty Bank BeES (BANKBEES)
2026-03-29 14:51:04,947 - INFO - Retrieved 245 records for index_id 7
2026-03-29 14:51:04,948 - INFO - Using available 245 days for yearly calculation
2026-03-29 14:51:04,956 - INFO - Updated yearly changes for 245 records for index_id 7
2026-03-29 14:51:04,956 - INFO - Successfully updated yearly changes for Nifty Bank BeES
2026-03-29 14:51:04,956 - INFO - Processing Nifty PSU Bank BeES (PSUBNKBEES)
2026-03-29 14:51:04,959 - INFO - Retrieved 245 records for index_id 8
2026-03-29 14:51:04,959 - INFO - Using available 245 days for yearly calculation
2026-03-29 14:51:04,967 - INFO - Updated yearly changes for 245 records for index_id 8
2026-03-29 14:51:04,967 - INFO - Successfully updated yearly changes for Nifty PSU Bank BeES
2026-03-29 14:51:04,967 - INFO - Processing Nifty Auto BeES (AUTOBEES)
2026-03-29 14:51:04,968 - INFO - Retrieved 245 records for index_id 9
2026-03-29 14:51:04,968 - INFO - Using available 245 days for yearly calculation
2026-03-29 14:51:04,978 - INFO - Updated yearly changes for 245 records for index_id 9
2026-03-29 14:51:04,978 - INFO - Successfully updated yearly changes for Nifty Auto BeES
2026-03-29 14:51:04,978 - INFO - Processing Nifty Junior BeES (JUNIORBEES)
2026-03-29 14:51:04,979 - INFO - Retrieved 245 records for index_id 10
2026-03-29 14:51:04,979 - INFO - Using available 245 days for yearly calculation
2026-03-29 14:51:04,988 - INFO - Updated yearly changes for 245 records for index_id 10
2026-03-29 14:51:04,989 - INFO - Successfully updated yearly changes for Nifty Junior BeES
2026-03-29 14:51:04,989 - INFO - Processing Nifty Pharma BeES (PHARMABEES)
2026-03-29 14:51:04,990 - INFO - Retrieved 245 records for index_id 11
2026-03-29 14:51:04,990 - INFO - Using available 245 days for yearly calculation
2026-03-29 14:51:04,997 - INFO - Updated yearly changes for 245 records for index_id 11
2026-03-29 14:51:04,997 - INFO - Successfully updated yearly changes for Nifty Pharma BeES
2026-03-29 14:51:04,997 - INFO - Processing Nifty FMCG ETF (FMCGIETF)
2026-03-29 14:51:04,998 - INFO - Retrieved 245 records for index_id 12
2026-03-29 14:51:04,998 - INFO - Using available 245 days for yearly calculation
2026-03-29 14:51:05,006 - INFO - Updated yearly changes for 245 records for index_id 12
2026-03-29 14:51:05,006 - INFO - Successfully updated yearly changes for Nifty FMCG ETF
2026-03-29 14:51:05,006 - INFO - Processing Nifty Midcap 150 BeES (MID150BEES)
2026-03-29 14:51:05,008 - INFO - Retrieved 245 records for index_id 13
2026-03-29 14:51:05,009 - INFO - Using available 245 days for yearly calculation
2026-03-29 14:51:05,016 - INFO - Updated yearly changes for 245 records for index_id 13
2026-03-29 14:51:05,016 - INFO - Successfully updated yearly changes for Nifty Midcap 150 BeES
2026-03-29 14:51:05,016 - INFO - Processing Nifty Oil & Gas ETF (OILIETF)
2026-03-29 14:51:05,017 - INFO - Retrieved 245 records for index_id 14
2026-03-29 14:51:05,017 - INFO - Using available 245 days for yearly calculation
2026-03-29 14:51:05,025 - INFO - Updated yearly changes for 245 records for index_id 14
2026-03-29 14:51:05,025 - INFO - Successfully updated yearly changes for Nifty Oil & Gas ETF
2026-03-29 14:51:05,025 - INFO - Processing Nifty Alpha 50 (ALPHA)
2026-03-29 14:51:05,028 - INFO - Retrieved 245 records for index_id 15
2026-03-29 14:51:05,028 - INFO - Using available 245 days for yearly calculation
2026-03-29 14:51:05,036 - INFO - Updated yearly changes for 245 records for index_id 15
2026-03-29 14:51:05,036 - INFO - Successfully updated yearly changes for Nifty Alpha 50
2026-03-29 14:51:05,036 - INFO - Processing Nifty Infra BeES (INFRABEES)
2026-03-29 14:51:05,037 - INFO - Retrieved 245 records for index_id 16
2026-03-29 14:51:05,037 - INFO - Using available 245 days for yearly calculation
2026-03-29 14:51:05,044 - INFO - Updated yearly changes for 245 records for index_id 16
2026-03-29 14:51:05,044 - INFO - Successfully updated yearly changes for Nifty Infra BeES
2026-03-29 14:51:05,044 - INFO - Processing Nifty Next 50 ETF (NEXT50IETF)
2026-03-29 14:51:05,046 - INFO - Retrieved 245 records for index_id 17
2026-03-29 14:51:05,047 - INFO - Using available 245 days for yearly calculation
2026-03-29 14:51:05,055 - INFO - Updated yearly changes for 245 records for index_id 17
2026-03-29 14:51:05,055 - INFO - Successfully updated yearly changes for Nifty Next 50 ETF
2026-03-29 14:51:05,055 - INFO - Processing Nifty Healthcare ETF (HEALTHIETF)
2026-03-29 14:51:05,056 - INFO - Retrieved 245 records for index_id 18
2026-03-29 14:51:05,056 - INFO - Using available 245 days for yearly calculation
2026-03-29 14:51:05,065 - INFO - Updated yearly changes for 245 records for index_id 18
2026-03-29 14:51:05,066 - INFO - Successfully updated yearly changes for Nifty Healthcare ETF
2026-03-29 14:51:05,066 - INFO - Processing Nifty Smallcap 250 (SMALLCAP)
2026-03-29 14:51:05,068 - INFO - Retrieved 243 records for index_id 19
2026-03-29 14:51:05,068 - INFO - Using available 243 days for yearly calculation
2026-03-29 14:51:05,075 - INFO - Updated yearly changes for 243 records for index_id 19
2026-03-29 14:51:05,075 - INFO - Successfully updated yearly changes for Nifty Smallcap 250
2026-03-29 14:51:05,075 - INFO - Processing Nifty Total Market (AONETOTAL)
2026-03-29 14:51:05,076 - INFO - Retrieved 245 records for index_id 20
2026-03-29 14:51:05,076 - INFO - Using available 245 days for yearly calculation
2026-03-29 14:51:05,083 - INFO - Updated yearly changes for 245 records for index_id 20
2026-03-29 14:51:05,083 - INFO - Successfully updated yearly changes for Nifty Total Market
2026-03-29 14:51:05,083 - INFO - Processing Nifty Momentum (MOMOMENTUM)
2026-03-29 14:51:05,085 - INFO - Retrieved 245 records for index_id 21
2026-03-29 14:51:05,085 - INFO - Using available 245 days for yearly calculation
2026-03-29 14:51:05,093 - INFO - Updated yearly changes for 245 records for index_id 21
2026-03-29 14:51:05,093 - INFO - Successfully updated yearly changes for Nifty Momentum
2026-03-29 14:51:05,093 - INFO - Processing Nifty Quality Midcap 50 (MONQ50)
2026-03-29 14:51:05,094 - INFO - Retrieved 243 records for index_id 22
2026-03-29 14:51:05,094 - INFO - Using available 243 days for yearly calculation
2026-03-29 14:51:05,101 - INFO - Updated yearly changes for 243 records for index_id 22
2026-03-29 14:51:05,101 - INFO - Successfully updated yearly changes for Nifty Quality Midcap 50
2026-03-29 14:51:05,101 - INFO - Processing HDFC Value Fund (HDFCVALUE)
2026-03-29 14:51:05,103 - INFO - Retrieved 245 records for index_id 23
2026-03-29 14:51:05,103 - INFO - Using available 245 days for yearly calculation
2026-03-29 14:51:05,111 - INFO - Updated yearly changes for 245 records for index_id 23
2026-03-29 14:51:05,111 - INFO - Successfully updated yearly changes for HDFC Value Fund
2026-03-29 14:51:05,112 - INFO - Processing HDFC Growth Fund (HDFCGROWTH)
2026-03-29 14:51:05,112 - INFO - Retrieved 245 records for index_id 24
2026-03-29 14:51:05,112 - INFO - Using available 245 days for yearly calculation
2026-03-29 14:51:05,125 - INFO - Updated yearly changes for 245 records for index_id 24
2026-03-29 14:51:05,125 - INFO - Successfully updated yearly changes for HDFC Growth Fund
2026-03-29 14:51:05,125 - INFO - Processing HDFC Momentum Fund (HDFCMOMENT)
2026-03-29 14:51:05,127 - INFO - Retrieved 245 records for index_id 25
2026-03-29 14:51:05,127 - INFO - Using available 245 days for yearly calculation
2026-03-29 14:51:05,136 - INFO - Updated yearly changes for 245 records for index_id 25
2026-03-29 14:51:05,136 - INFO - Successfully updated yearly changes for HDFC Momentum Fund
2026-03-29 14:51:05,136 - INFO - Processing Motilal Oswal MSCI EAFE Fund (MODEFENCE)
2026-03-29 14:51:05,139 - INFO - Retrieved 245 records for index_id 26
2026-03-29 14:51:05,139 - INFO - Using available 245 days for yearly calculation
2026-03-29 14:51:05,146 - INFO - Updated yearly changes for 245 records for index_id 26
2026-03-29 14:51:05,146 - INFO - Successfully updated yearly changes for Motilal Oswal MSCI EAFE Fund
2026-03-29 14:51:05,146 - INFO - Processing Nifty EV & New Age Automotive (EVINDIA)
2026-03-29 14:51:05,147 - INFO - Retrieved 245 records for index_id 27
2026-03-29 14:51:05,147 - INFO - Using available 245 days for yearly calculation
2026-03-29 14:51:05,155 - INFO - Updated yearly changes for 245 records for index_id 27
2026-03-29 14:51:05,155 - INFO - Successfully updated yearly changes for Nifty EV & New Age Automotive
2026-03-29 14:51:05,155 - INFO - Processing Nifty Consumption ETF (CONSUMIETF)
2026-03-29 14:51:05,157 - INFO - Retrieved 245 records for index_id 28
2026-03-29 14:51:05,157 - INFO - Using available 245 days for yearly calculation
2026-03-29 14:51:05,164 - INFO - Updated yearly changes for 245 records for index_id 28
2026-03-29 14:51:05,164 - INFO - Successfully updated yearly changes for Nifty Consumption ETF
2026-03-29 14:51:05,164 - INFO - Processing Nifty India Railways (GROWWRAIL)
2026-03-29 14:51:05,167 - INFO - Retrieved 245 records for index_id 29
2026-03-29 14:51:05,167 - INFO - Using available 245 days for yearly calculation
2026-03-29 14:51:05,177 - INFO - Updated yearly changes for 245 records for index_id 29
2026-03-29 14:51:05,177 - INFO - Successfully updated yearly changes for Nifty India Railways
2026-03-29 14:51:05,177 - INFO - Processing Nifty IPO ETF (SELECTIPO)
2026-03-29 14:51:05,178 - INFO - Retrieved 245 records for index_id 30
2026-03-29 14:51:05,178 - INFO - Using available 245 days for yearly calculation
2026-03-29 14:51:05,185 - INFO - Updated yearly changes for 245 records for index_id 30
2026-03-29 14:51:05,186 - INFO - Successfully updated yearly changes for Nifty IPO ETF
2026-03-29 14:51:05,186 - INFO - Processing Liquid BeES (LIQUIDBEES)
2026-03-29 14:51:05,187 - INFO - Retrieved 245 records for index_id 31
2026-03-29 14:51:05,187 - INFO - Using available 245 days for yearly calculation
2026-03-29 14:51:05,194 - INFO - Updated yearly changes for 245 records for index_id 31
2026-03-29 14:51:05,194 - INFO - Successfully updated yearly changes for Liquid BeES
2026-03-29 14:51:05,194 - INFO - Yearly change update completed: 31 successful, 0 failed
2026-03-29 14:51:05,209 - INFO - Yearly change summary for 31 indices
2026-03-29 14:51:05,209 - INFO - Yearly change calculation completed successfully
2026-03-29 14:51:05,209 - INFO - Disconnected from database
